0 info it worked if it ends with ok
1 verbose cli [ 'node', '/usr/local/bin/npm', 'publish' ]
2 info using npm@2.7.0
3 info using node@v0.10.21
4 verbose publish [ '.' ]
5 silly cache add args [ '.', null ]
6 verbose cache add spec .
7 silly cache add parsed spec { raw: '.',
7 silly cache add   scope: null,
7 silly cache add   name: null,
7 silly cache add   rawSpec: '.',
7 silly cache add   spec: '/usr/local/src/projects/node/cityWeather',
7 silly cache add   type: 'directory' }
8 verbose addLocalDirectory /home/ec2-user/.npm/city-weather-abe/0.1.1/package.tgz not in flight; packing
9 verbose tar pack [ '/home/ec2-user/.npm/city-weather-abe/0.1.1/package.tgz',
9 verbose tar pack   '/usr/local/src/projects/node/cityWeather' ]
10 verbose tarball /home/ec2-user/.npm/city-weather-abe/0.1.1/package.tgz
11 verbose folder /usr/local/src/projects/node/cityWeather
12 info prepublish city-weather-abe@0.1.1
13 verbose addLocalTarball adding from inside cache /home/ec2-user/.npm/city-weather-abe/0.1.1/package.tgz
14 silly cache afterAdd city-weather-abe@0.1.1
15 verbose afterAdd /home/ec2-user/.npm/city-weather-abe/0.1.1/package/package.json not in flight; writing
16 verbose afterAdd /home/ec2-user/.npm/city-weather-abe/0.1.1/package/package.json written
17 silly publish { author: { name: 'Abe Austin' },
17 silly publish   name: 'city-weather-abe',
17 silly publish   version: '0.1.1',
17 silly publish   repository:
17 silly publish    { type: 'git',
17 silly publish      location: 'https://github.com/abe-austin/cityWeather.git' },
17 silly publish   description: 'Returns the weather of cities in Utah',
17 silly publish   main: 'cityWeather',
17 silly publish   engines: { node: '*' },
17 silly publish   readme: 'cityWeather.js is the RESTful service to provide city names.\nweatherCheck.html is an example of how to receive those city names and get the weather for them from another RESTful service.',
17 silly publish   readmeFilename: 'README.md',
17 silly publish   _id: 'city-weather-abe@0.1.1',
17 silly publish   scripts: {},
17 silly publish   _shasum: '99e307d6f1b7907dbacee7f7b3af6d44b9276a1e',
17 silly publish   _from: '.' }
18 silly mapToRegistry name city-weather-abe
19 silly mapToRegistry using default registry
20 silly mapToRegistry registry https://registry.npmjs.org/
21 silly mapToRegistry uri https://registry.npmjs.org/city-weather-abe
22 verbose publish registryBase https://registry.npmjs.org/
23 silly publish uploading /home/ec2-user/.npm/city-weather-abe/0.1.1/package.tgz
24 verbose request uri https://registry.npmjs.org/city-weather-abe
25 verbose request sending authorization for write operation
26 info attempt registry request try #1 at 06:46:06
27 verbose request id 65246a42e450840e
28 http request PUT https://registry.npmjs.org/city-weather-abe
29 http 403 https://registry.npmjs.org/city-weather-abe
30 verbose headers { date: 'Fri, 06 Mar 2015 06:46:06 GMT',
30 verbose headers   server: 'CouchDB/1.5.0 (Erlang OTP/R16B03)',
30 verbose headers   'content-type': 'application/json',
30 verbose headers   'cache-control': 'max-age=60',
30 verbose headers   'content-length': '1898',
30 verbose headers   'accept-ranges': 'bytes',
30 verbose headers   via: '1.1 varnish',
30 verbose headers   'x-served-by': 'cache-sjc3123-SJC',
30 verbose headers   'x-cache': 'MISS',
30 verbose headers   'x-cache-hits': '0',
30 verbose headers   'x-timer': 'S1425624366.871397,VS0,VE59',
30 verbose headers   'keep-alive': 'timeout=10, max=50',
30 verbose headers   connection: 'Keep-Alive' }
31 verbose request invalidating /home/ec2-user/.npm/registry.npmjs.org/city-weather-abe on PUT
32 error publish Failed PUT 403
33 verbose stack Error: forbidden cannot modify pre-existing version: 0.1.1
33 verbose stack old={"author":{"name":"Abe Austin"},"name":"city-weather-abe","version":"0.1.1","repository":{"type":"git","location":"https://github.com/abe-austin/cityWeather.git"},"description":"Returns the weather of cities in Utah","main":"cityWeather","engines":{"node":"*"},"_id":"city-weather-abe@0.1.1","scripts":{},"_shasum":"2064196b8a15cb7459b8b70410bf57dfe460b7d5","_from":".","_npmVersion":"2.7.0","_nodeVersion":"0.10.21","_npmUser":{"name":"abe.austin","email":"abe.austin@gmail.com"},"maintainers":[{"name":"abe.austin","email":"abe.austin@gmail.com"}],"dist":{"shasum":"2064196b8a15cb7459b8b70410bf57dfe460b7d5","tarball":"http://registry.npmjs.org/city-weather-abe/-/city-weather-abe-0.1.1.tgz"}}
33 verbose stack new={"author":{"name":"Abe Austin"},"name":"city-weather-abe","version":"0.1.1","repository":{"type":"git","location":"https://github.com/abe-austin/cityWeather.git"},"description":"Returns the weather of cities in Utah","main":"cityWeather","engines":{"node":"*"},"readme":"cityWeather.js is the RESTful service to provide city names.\u000aweatherCheck.html is an example of how to receive those city names and get the weather for them from another RESTful service.","readmeFilename":"README.md","_id":"city-weather-abe@0.1.1","scripts":{},"_shasum":"99e307d6f1b7907dbacee7f7b3af6d44b9276a1e","_from":".","_npmVersion":"2.7.0","_nodeVersion":"0.10.21","_npmUser":{"name":"abe.austin","email":"abe.austin@gmail.com"},"maintainers":[{"name":"abe.austin","email":"abe.austin@gmail.com"}],"dist":{"shasum":"99e307d6f1b7907dbacee7f7b3af6d44b9276a1e","tarball":"http://registry.npmjs.org/city-weather-abe/-/city-weather-abe-0.1.1.tgz"}}: city-weather-abe
33 verbose stack     at CachingRegistryClient.<anonymous> (/usr/local/lib/node_modules/npm/node_modules/npm-registry-client/lib/request.js:254:14)
33 verbose stack     at Request._callback (/usr/local/lib/node_modules/npm/node_modules/npm-registry-client/lib/request.js:178:14)
33 verbose stack     at Request.self.callback (/usr/local/lib/node_modules/npm/node_modules/request/request.js:344:22)
33 verbose stack     at Request.EventEmitter.emit (events.js:98:17)
33 verbose stack     at Request.<anonymous> (/usr/local/lib/node_modules/npm/node_modules/request/request.js:1239:14)
33 verbose stack     at Request.EventEmitter.emit (events.js:117:20)
33 verbose stack     at IncomingMessage.<anonymous> (/usr/local/lib/node_modules/npm/node_modules/request/request.js:1187:12)
33 verbose stack     at IncomingMessage.EventEmitter.emit (events.js:117:20)
33 verbose stack     at _stream_readable.js:920:16
33 verbose stack     at process._tickCallback (node.js:415:13)
34 verbose statusCode 403
35 verbose pkgid city-weather-abe
36 verbose cwd /usr/local/src/projects/node/cityWeather
37 error Linux 3.14.33-26.47.amzn1.x86_64
38 error argv "node" "/usr/local/bin/npm" "publish"
39 error node v0.10.21
40 error npm  v2.7.0
41 error code E403
42 error forbidden cannot modify pre-existing version: 0.1.1
42 error old={"author":{"name":"Abe Austin"},"name":"city-weather-abe","version":"0.1.1","repository":{"type":"git","location":"https://github.com/abe-austin/cityWeather.git"},"description":"Returns the weather of cities in Utah","main":"cityWeather","engines":{"node":"*"},"_id":"city-weather-abe@0.1.1","scripts":{},"_shasum":"2064196b8a15cb7459b8b70410bf57dfe460b7d5","_from":".","_npmVersion":"2.7.0","_nodeVersion":"0.10.21","_npmUser":{"name":"abe.austin","email":"abe.austin@gmail.com"},"maintainers":[{"name":"abe.austin","email":"abe.austin@gmail.com"}],"dist":{"shasum":"2064196b8a15cb7459b8b70410bf57dfe460b7d5","tarball":"http://registry.npmjs.org/city-weather-abe/-/city-weather-abe-0.1.1.tgz"}}
42 error new={"author":{"name":"Abe Austin"},"name":"city-weather-abe","version":"0.1.1","repository":{"type":"git","location":"https://github.com/abe-austin/cityWeather.git"},"description":"Returns the weather of cities in Utah","main":"cityWeather","engines":{"node":"*"},"readme":"cityWeather.js is the RESTful service to provide city names.\u000aweatherCheck.html is an example of how to receive those city names and get the weather for them from another RESTful service.","readmeFilename":"README.md","_id":"city-weather-abe@0.1.1","scripts":{},"_shasum":"99e307d6f1b7907dbacee7f7b3af6d44b9276a1e","_from":".","_npmVersion":"2.7.0","_nodeVersion":"0.10.21","_npmUser":{"name":"abe.austin","email":"abe.austin@gmail.com"},"maintainers":[{"name":"abe.austin","email":"abe.austin@gmail.com"}],"dist":{"shasum":"99e307d6f1b7907dbacee7f7b3af6d44b9276a1e","tarball":"http://registry.npmjs.org/city-weather-abe/-/city-weather-abe-0.1.1.tgz"}}: city-weather-abe
43 error If you need help, you may report this error at:
43 error     <https://github.com/npm/npm/issues>
44 verbose exit [ 1, true ]
